[debug] [2025-03-10T03:02:39.002Z] ----------------------------------------------------------------------
[debug] [2025-03-10T03:02:39.006Z] Command:       C:\Program Files\nodejs\node.exe C:\Users\xbosh\AppData\Roaming\npm\node_modules\firebase-tools\lib\bin\firebase.js init
[debug] [2025-03-10T03:02:39.007Z] CLI Version:   13.31.2
[debug] [2025-03-10T03:02:39.007Z] Platform:      win32
[debug] [2025-03-10T03:02:39.007Z] Node Version:  v20.15.1
[debug] [2025-03-10T03:02:39.008Z] Time:          Mon Mar 10 2025 10:02:39 GMT+0700 (Western Indonesia Time)
[debug] [2025-03-10T03:02:39.008Z] ----------------------------------------------------------------------
[debug] 
[debug] [2025-03-10T03:02:39.014Z] >>> [apiv2][query] GET https://firebase-public.firebaseio.com/cli.json [none]
[debug] [2025-03-10T03:02:39.100Z] > command requires scopes: ["email","openid","https://www.googleapis.com/auth/cloudplatformprojects.readonly","https://www.googleapis.com/auth/firebase","https://www.googleapis.com/auth/cloud-platform"]
[debug] [2025-03-10T03:02:39.101Z] > authorizing via signed-in user (faizannabil877@gmail.com)
[info] 
     ######## #### ########  ######## ########     ###     ######  ########
     ##        ##  ##     ## ##       ##     ##  ##   ##  ##       ##
     ######    ##  ########  ######   ########  #########  ######  ######
     ##        ##  ##    ##  ##       ##     ## ##     ##       ## ##
     ##       #### ##     ## ######## ########  ##     ##  ######  ########

You're about to initialize a Firebase project in this directory:

  D:\!PROJECT\boobo

[debug] [2025-03-10T03:02:39.730Z] <<< [apiv2][status] GET https://firebase-public.firebaseio.com/cli.json 200
[debug] [2025-03-10T03:02:39.731Z] <<< [apiv2][body] GET https://firebase-public.firebaseio.com/cli.json {"cloudBuildErrorAfter":1594252800000,"cloudBuildWarnAfter":1590019200000,"defaultNode10After":1594252800000,"minVersion":"3.0.5","node8DeploysDisabledAfter":1613390400000,"node8RuntimeDisabledAfter":1615809600000,"node8WarnAfter":1600128000000}
